<?xml version="1.0" encoding="UTF-8"?>
<!-- Generated by org.testng.reporters.JUnitXMLReporter -->
<testsuite ignored="0" hostname="DESKTOP-B7BA8B0" failures="0" tests="4" name="Test" time="85.558" errors="0" timestamp="2023-02-18T11:41:44 IST">
  <testcase classname="DemoTestNG.TestNGSecond" name="testImdb" time="26.817"/>
  <testcase classname="DemoTestNG.TestNGSecond" name="testwikipedia" time="10.305"/>
  <testcase classname="DemoTestNG.TestNGfirst" name="testwikipedia" time="25.378"/>
  <testcase classname="DemoTestNG.TestNGfirst" name="testImdb" time="22.949"/>
</testsuite> <!-- Test -->
